CGTN,https://0472.org/hls/cgtn.m3u8
CGTN,http://english-livetx.cgtn.com/hls/yypdyyctzb_hd.m3u8
CGTN俄语,https://0472.org/hls/cgtne.m3u8
CGTN俄语,http://russian-livews.cgtn.com/hls/LSvexABhNipibK5KRuUkvHZ7220802LSTeze9o8tdFXMHsb1VosgoT220802cd.m3u8
CGTN法语,https://0472.org/hls/cgtnf.m3u8
CGTN法语,http://espanol-liveali.cgtn.com/hls/LSveOGBaBw41Ea7ukkVAUdKQ220802LSTexu6xAuFH8VZNBLE1ZNEa220802cd.m3u8
CGTN纪录,https://0472.org/hls/cgtnd.m3u8
CGTN纪录,https://english-livetx.cgtn.com/hls/yypdjlctzb_hd.m3u8
CGTN西语,https://0472.org/hls/cgtnx.m3u8
CGTN阿语,https://0472.org/hls/cgtna.m3u8
中国交通,http://drive.mxmy.net:8888/udp/239.3.1.188:8001
熊猫直播,https://gcwbndali.v.myalicdn.com/gcwbnd/ipanda1000_2/index.m3u8
直播中国,https://gcalic.v.myalicdn.com/gc/wgw05_1/index.m3u8?contentid=2820180516001
支持作者,https://vd2.bdstatic.com/mda-rkaittufsdv0rnx6/sc/cae_h264/1762869859154419128/mda-rkaittufsdv0rnx6.mp4
兵团卫视,http://183.11.239.36:808/hls/7/index.m3u8
兵团卫视,http://120.76.248.139/live/bfgd/4200000124.m3u8
兵团卫视,http://218.13.170.98:9901/tsfile/live/0115_1.m3u8
海峡卫视,http://8.138.7.223/tv/hxws.m3u8
海峡卫视,http://38.64.72.148:80/hls/modn/list/4009/chunklist0.m3u8
海峡卫视,http://38.64.72.148:80/hls/modn/list/4009/playlist.m3u8
海峡卫视,http://hlsbkmgsplive.miguvideo.com/migu/kailu/haixiaws/57/20230724/01.m3u8?msisdn=&Channel_ID=&ContentId=&HlsSubType=&HlsProfileId=&encrypt=
农林卫视,http://120.76.248.139/live/bfgd/4200000122.m3u8
农林卫视,http://8.138.7.223/【公众号：榴芒电视】/农林卫视.m3u8
农林卫视,http://124.116.183.146:9901/tsfile/live/1004_1.m3u8
农林卫视,http://124.116.183.146:9901/tsfile/live/1004_1.m3u8?key=txiptv&playlive=1&authid=0
东方卫视4K,https://bp-resource-dfl.bestv.cn/148/3/video.m3u8
东森亚洲卫视,https://p2hs.vzan.com/slowlive/821481626725612419/live.m3u8
东森亚洲卫视,https://pull-hsbj.vzan.com/v/slowlive_821481626725612419.flv
北京卫视4K超,http://183.215.134.239:19901/tsfile/live/0122_1.m3u8?key=txiptv&playlive=1&authid=0
苏州4K,https://tylive.kan0512.com/norecord/csztv4k_4k.m3u8
科幻电影,https://yylunbo.ottiptv.cc/yy/1355065896
凤凰电影,http://iot-mqqt.111yao.cn:8080/live/diyp_fhdy.m3u8
龙华电影,https://cdn8.163189.xyz/live/lhdy/stream.m3u8
AMC电影,http://61.221.215.25:8800/hls/43/index.m3u8
1930年代经典电影,https://yylunbo.ottiptv.cc/yy/1356363815
28岁电影,https://goodiptv.club/douyu/8884164
8090电影一哥,https://yylunbo.ottiptv.cc/yy/29197808
CHC电影,http://183.237.95.108:9901/tsfile/live/1008_1.m3u8?key=txiptv&playlive=0&authid=0
YY果国际电影频道,https://yylunbo.ottiptv.cc/yy/1382627144
万合出品,https://goodiptv.club/douyu/9220456
三七电影V,https://goodiptv.club/douyu/9457792
二胖影视,https://goodiptv.club/douyu/10064260
五分钟电影汇,https://goodiptv.club/douyu/8443438
人在囧途,https://vip.ffzy-play.com/20221018/1953_2d6ba500/index.m3u8
人在囧途之泰囧,https://vip.ffzy-play.com/20221018/1951_47e1adc8/index.m3u8
人在囧途之港囧,https://vip.ffzy-play7.com/20230112/11082_fde1a94d/index.m3u8
佛曰影视,https://goodiptv.club/douyu/9671758
使徒行者,https://live.metshop.top/huya/23734256
倩女幽魂人间道,http://jsmov2.a.yximgs.com/bs3/video-hls/5250634317044855747_hlsb.m3u8
倩女幽魂妖魔道,http://jsmov2.a.yximgs.com/bs3/video-hls/5232901391302199073_hlsb.m3u8
倩女幽魂道道道,http://jsmov2.a.yximgs.com/bs3/video-hls/5216294367991385255_hlsb.m3u8
刘哔电影,https://goodiptv.club/douyu/2632223
创世纪,https://live.metshop.top/huya/29465852
前任电影,https://goodiptv.club/douyu/9329242
功夫电影,https://live.metshop.top/huya/11352941
发条张的电影最TOP,https://goodiptv.club/douyu/2164691
古天乐电影,https://live.metshop.top/huya/29982675
史诗级科幻电影阿凡达,https://yylunbo.ottiptv.cc/yy/1382735577
同同电影,https://goodiptv.club/douyu/10155359
周星驰搞笑电影,https://yylunbo.ottiptv.cc/yy/38670875
哈利影视,https://goodiptv.club/douyu/8475821
喜人电影,https://goodiptv.club/douyu/10348735
喜剧电影笑不停,https://goodiptv.club/douyu/10298856
四叶草影视,https://goodiptv.club/douyu/9446117
国产动作电影,https://yylunbo.ottiptv.cc/yy/1382736858
国产电影就是闹着玩的,https://yylunbo.ottiptv.cc/yy/1354931503
国内玄幻电影林正英,https://yylunbo.ottiptv.cc/yy/1354932444
国内经典动作电影,https://yylunbo.ottiptv.cc/yy/1382851522
墨逗电影,https://goodiptv.club/douyu/9614847
大江大河2高分影视推荐,https://yylunbo.ottiptv.cc/yy/1382736797
大江大河高分影视推荐,https://yylunbo.ottiptv.cc/yy/1382736806
大米饭影视,https://goodiptv.club/douyu/9824094
大荒电影,https://goodiptv.club/douyu/3508538
奇幻冒险电影凯斯宾王子的魔法征途,https://yylunbo.ottiptv.cc/yy/1354926671
奇怪电影,https://goodiptv.club/douyu/9440966
妙手仁心,https://live.metshop.top/huya/29465853
宇宙科幻合集,https://live.metshop.top/huya/11342428
寒战,https://vip.ffzy-play6.com/20221019/157_bf0740ee/index.m3u8
寻秦记,https://live.metshop.top/huya/29465848
小儛电影嘚啵嘚,https://goodiptv.club/douyu/8362978
岳云鹏宋小宝也来演电影了,https://yylunbo.ottiptv.cc/yy/1354926612
强森电影,https://live.metshop.top/huya/21059581
影视笑工场,https://goodiptv.club/douyu/10298846
影视集装箱,https://goodiptv.club/douyu/8651489
怪兽马提尼电影,https://goodiptv.club/douyu/9075333
怪医文三块影视剧,https://yylunbo.ottiptv.cc/yy/1354936154
怪味爆米花电影,https://goodiptv.club/douyu/9422144
恐怖电影,https://yylunbo.ottiptv.cc/yy/24066336
悬疑武侠电影九门,https://yylunbo.ottiptv.cc/yy/1382828768
成龙电影,https://live.metshop.top/huya/11342386
我不是药神,https://vip.ffzy-play1.com/20221018/478_c3afed66/index.m3u8
战争电影,https://live.metshop.top/huya/21059574
拆弹专家1,https://vip.ffzy-online.com/20221015/719_80ff87c2/index.m3u8
拆弹专家2,https://vip.ffzy-online.com/20221015/722_e32c42bc/index.m3u8
无心法师,https://live.metshop.top/huya/30080233
无际电影,https://goodiptv.club/douyu/9720498
有部电影儿,https://goodiptv.club/douyu/9736479
李连杰电影,https://live.metshop.top/huya/11342390
林九影视,https://goodiptv.club/douyu/7212528
林正英电影,https://live.metshop.top/huya/11342421
林正英经典电影,https://yylunbo.ottiptv.cc/yy/34229877
枪战电影,https://live.metshop.top/huya/21059579
梅艳芳主演喜剧电影,https://yylunbo.ottiptv.cc/yy/1382735627
欧美配音电影,https://yylunbo.ottiptv.cc/yy/1354693629
每日好电影V,https://goodiptv.club/douyu/9533302
沈腾电影,https://live.metshop.top/huya/11601968
法政先锋,https://live.metshop.top/huya/23863804
洛克电影,https://goodiptv.club/douyu/9414884
活佛济公3,https://live.metshop.top/huya/23903123
涛浪浪电影,https://goodiptv.club/douyu/5424258
熊猫电影,https://goodiptv.club/douyu/3506483
爱星影视,https://goodiptv.club/douyu/9476806
特辑电影院,https://goodiptv.club/douyu/3637778
狄仁杰电影,https://live.metshop.top/huya/30080229
狗毛电影,https://goodiptv.club/douyu/9356637
独立鱼电影,https://goodiptv.club/douyu/2413555
猫眼电影,https://goodiptv.club/douyu/8726221
玖月影视,https://goodiptv.club/douyu/9339251
珍珠港电影,https://yylunbo.ottiptv.cc/yy/1354936234
甄子丹电影,https://live.metshop.top/huya/11352935
电影七十二变,https://goodiptv.club/douyu/9323164
电影先锋V,https://goodiptv.club/douyu/8711212
电影冷知识,https://goodiptv.club/douyu/9660835
电影刘德华,http://live.metshop.top/huya/11342424?cdn=alicdn
电影刘油果,https://goodiptv.club/douyu/3985805
电影功夫片,http://live.metshop.top/huya/11352941?cdn=alicdn
电影动作电影,http://live.metshop.top/huya/11602077?cdn=alicdn
电影吐槽汇,https://goodiptv.club/douyu/9447668
电影周星星,http://live.metshop.top/huya/11336587?cdn=alicdn
电影嫣然影厅,http://live.metshop.top/huya/11601977?cdn=alicdn
电影小班长,https://goodiptv.club/douyu/549693
电影幕后喵,https://goodiptv.club/douyu/8884074
电影战争片,http://live.metshop.top/huya/21059574?cdn=alicdn
